\BOOKMARK [1][-]{section*.1}{\376\377\000A\000b\000s\000t\000r\000a\000c\000t}{}% 1
\BOOKMARK [1][-]{section*.2}{\376\377\000C\000h\000i\000l\000d\000r\000e\000n\000\040\000s\000p\000o\000n\000t\000a\000n\000e\000o\000u\000s\000l\000y\000\040\000r\000e\000-\000c\000r\000e\000a\000t\000e\000\040\000c\000o\000r\000e\000\040\000p\000r\000o\000p\000e\000r\000t\000i\000e\000s\000\040\000o\000f\000\040\000l\000a\000n\000g\000u\000a\000g\000e\000\040\000i\000n\000\040\000a\000\040\000n\000e\000w\000\040\000m\000o\000d\000a\000l\000i\000t\000y}{}% 2
\BOOKMARK [1][-]{section*.3}{\376\377\000G\000e\000n\000e\000r\000a\000l\000\040\000s\000e\000t\000u\000p\000\040\000a\000n\000d\000\040\000p\000r\000o\000c\000e\000d\000u\000r\000e}{}% 3
\BOOKMARK [1][-]{section*.4}{\376\377\000P\000a\000r\000t\000\040\0001\000.\0001\000.\0001\000:\000\040\000S\000p\000o\000n\000t\000a\000n\000e\000o\000u\000s\000\040\000p\000r\000o\000d\000u\000c\000t\000i\000o\000n\000\040\000o\000f\000\040\000g\000e\000s\000t\000u\000r\000e\000s\000\040\000b\000y\000\040\0004\000-\000\040\000a\000n\000d\000\040\0006\000-\000y\000e\000a\000r\000\040\000o\000l\000d\000s\000\040\000i\000n\000\040\000p\000e\000e\000r\000\040\000c\000o\000n\000t\000e\000x\000t}{}% 4
\BOOKMARK [2][-]{section*.5}{\376\377\000P\000a\000r\000t\000i\000c\000i\000p\000a\000n\000t\000s}{section*.4}% 5
\BOOKMARK [2][-]{section*.6}{\376\377\000D\000e\000s\000i\000g\000n\000\040\000a\000n\000d\000\040\000p\000r\000o\000c\000e\000d\000u\000r\000e}{section*.4}% 6
\BOOKMARK [2][-]{section*.7}{\376\377\000R\000e\000s\000u\000l\000t\000s\000\040\000a\000n\000d\000\040\000d\000i\000s\000c\000u\000s\000s\000i\000o\000n}{section*.4}% 7
\BOOKMARK [1][-]{section*.8}{\376\377\000P\000a\000r\000t\000\040\0001\000.\0001\000.\0002\000:\000\040\000S\000p\000o\000n\000t\000a\000n\000e\000o\000u\000s\000\040\000p\000r\000o\000d\000u\000c\000t\000i\000o\000n\000\040\000o\000f\000\040\000g\000e\000s\000t\000u\000r\000e\000s\000\040\000b\000y\000\040\0003\000-\000\040\000a\000n\000d\000\040\0004\000-\000y\000e\000a\000r\000-\000o\000l\000d\000s\000\040\000w\000h\000e\000n\000\040\000c\000o\000m\000m\000u\000n\000i\000c\000a\000t\000i\000o\000n\000g\000\040\000w\000i\000t\000h\000\040\000a\000n\000\040\000a\000d\000u\000l\000t\000.}{}% 8
\BOOKMARK [2][-]{section*.9}{\376\377\000P\000a\000r\000t\000i\000c\000i\000p\000a\000n\000t\000s}{section*.8}% 9
\BOOKMARK [2][-]{section*.10}{\376\377\000D\000e\000s\000i\000g\000n\000\040\000a\000n\000d\000\040\000p\000r\000o\000c\000e\000d\000u\000r\000e}{section*.8}% 10
\BOOKMARK [2][-]{section*.11}{\376\377\000R\000e\000s\000u\000l\000t\000s\000\040\000a\000n\000d\000\040\000d\000i\000s\000c\000u\000s\000s\000i\000o\000n}{section*.8}% 11
\BOOKMARK [1][-]{section*.12}{\376\377\000P\000a\000r\000t\000\040\0001\000.\0002\000:\000\040\000U\000p\000t\000a\000k\000e}{}% 12
\BOOKMARK [2][-]{section*.13}{\376\377\000P\000a\000r\000t\000i\000c\000i\000p\000a\000n\000t\000s}{section*.12}% 13
\BOOKMARK [2][-]{section*.14}{\376\377\000D\000e\000s\000i\000g\000n\000\040\000a\000n\000d\000\040\000p\000r\000o\000c\000e\000d\000u\000r\000e}{section*.12}% 14
\BOOKMARK [2][-]{section*.15}{\376\377\000R\000e\000s\000u\000l\000t\000s\000\040\000a\000n\000d\000\040\000d\000i\000s\000c\000u\000s\000s\000i\000o\000n}{section*.12}% 15
\BOOKMARK [1][-]{section*.16}{\376\377\000P\000a\000r\000t\000\040\0001\000.\0003\000:\000\040\000C\000o\000m\000p\000r\000e\000h\000e\000n\000s\000i\000o\000n}{}% 16
\BOOKMARK [2][-]{section*.17}{\376\377\000P\000a\000r\000t\000i\000c\000i\000p\000a\000n\000t\000s}{section*.16}% 17
\BOOKMARK [2][-]{section*.18}{\376\377\000D\000e\000s\000i\000g\000n\000\040\000a\000n\000d\000\040\000P\000r\000o\000c\000e\000d\000u\000r\000e}{section*.16}% 18
\BOOKMARK [2][-]{section*.19}{\376\377\000R\000e\000s\000u\000l\000t\000s\000\040\000a\000n\000d\000\040\000d\000i\000s\000c\000u\000s\000s\000i\000o\000n}{section*.16}% 19
\BOOKMARK [1][-]{section*.20}{\376\377\000P\000a\000r\000t\000\040\0001\000.\0004\000:\000\040\000A\000b\000s\000t\000r\000a\000c\000t\000\040\000c\000o\000n\000c\000e\000p\000t\000s\000\040\000\050\000e\000m\000p\000t\000y\000\040\000p\000i\000c\000t\000u\000r\000e\000\051}{}% 20
\BOOKMARK [2][-]{section*.21}{\376\377\000P\000a\000r\000t\000i\000c\000i\000p\000a\000n\000t\000s}{section*.20}% 21
\BOOKMARK [2][-]{section*.22}{\376\377\000D\000e\000s\000i\000g\000n\000\040\000a\000n\000d\000\040\000P\000r\000o\000c\000e\000d\000u\000r\000e}{section*.20}% 22
\BOOKMARK [2][-]{section*.23}{\376\377\000R\000e\000s\000u\000l\000t\000s\000\040\000a\000n\000d\000\040\000d\000i\000s\000c\000u\000s\000s\000i\000o\000n}{section*.20}% 23
\BOOKMARK [1][-]{section*.24}{\376\377\000P\000a\000r\000t\000\040\0001\000.\0005\000:\000\040\000C\000o\000n\000v\000e\000r\000g\000e\000n\000c\000e}{}% 24
\BOOKMARK [2][-]{section*.25}{\376\377\000P\000a\000r\000t\000i\000c\000i\000p\000a\000n\000t\000s}{section*.24}% 25
\BOOKMARK [2][-]{section*.26}{\376\377\000D\000e\000s\000i\000g\000n\000\040\000a\000n\000d\000\040\000P\000r\000o\000c\000e\000d\000u\000r\000e}{section*.24}% 26
\BOOKMARK [2][-]{section*.27}{\376\377\000R\000e\000s\000u\000l\000t\000s\000\040\000a\000n\000d\000\040\000d\000i\000s\000c\000u\000s\000s\000i\000o\000n}{section*.24}% 27
\BOOKMARK [1][-]{section*.28}{\376\377\000P\000a\000r\000t\000\040\0001\000.\0006\000:\000\040\000D\000r\000i\000f\000t\000\040\000t\000o\000\040\000a\000r\000b\000i\000t\000r\000a\000r\000y}{}% 28
\BOOKMARK [2][-]{section*.29}{\376\377\000P\000r\000o\000d\000u\000c\000t\000i\000o\000n}{section*.28}% 29
\BOOKMARK [3][-]{section*.30}{\376\377\000P\000a\000r\000t\000i\000c\000i\000p\000a\000n\000t\000s}{section*.29}% 30
\BOOKMARK [3][-]{section*.31}{\376\377\000D\000e\000s\000i\000g\000n\000\040\000a\000n\000d\000\040\000P\000r\000o\000c\000e\000d\000u\000r\000e}{section*.29}% 31
\BOOKMARK [3][-]{section*.32}{\376\377\000R\000e\000s\000u\000l\000t\000s\000\040\000a\000n\000d\000\040\000d\000i\000s\000c\000u\000s\000s\000i\000o\000n}{section*.29}% 32
\BOOKMARK [2][-]{section*.33}{\376\377\000C\000o\000m\000p\000r\000e\000h\000e\000n\000s\000i\000o\000n}{section*.28}% 33
